This is pdfTeX, Version 3.1415926-1.40.11 (TeX Live 2010) (format=pdflatex 2011.2.21)  1 NOV 2011 10:14
entering extended mode
 restricted \write18 enabled.
 %&-line parsing enabled.
**aipproc.tex
(./aipproc.tex
LaTeX2e <2009/09/24>
Babel <v3.8l> and hyphenation patterns for english, dumylang, nohyphenation, ge
rman-x-2009-06-19, ngerman-x-2009-06-19, afrikaans, ancientgreek, ibycus, arabi
c, armenian, basque, bulgarian, catalan, pinyin, coptic, croatian, czech, danis
h, dutch, ukenglish, usenglishmax, esperanto, estonian, ethiopic, farsi, finnis
h, french, galician, german, ngerman, swissgerman, monogreek, greek, hungarian,
 icelandic, assamese, bengali, gujarati, hindi, kannada, malayalam, marathi, or
iya, panjabi, tamil, telugu, indonesian, interlingua, irish, italian, kurmanji,
 lao, latin, latvian, lithuanian, mongolian, mongolianlmc, bokmal, nynorsk, pol
ish, portuguese, romanian, russian, sanskrit, serbian, slovak, slovenian, spani
sh, swedish, turkish, turkmen, ukrainian, uppersorbian, welsh, loaded.
(/usr/local/texlive/2010/texmf-dist/tex/latex/base/latex209.def
File: latex209.def 1998/05/13 v0.52 Standard LaTeX file


          Entering LaTeX 2.09 COMPATIBILITY MODE
 *************************************************************
    !!WARNING!!    !!WARNING!!    !!WARNING!!    !!WARNING!!   
 
 This mode attempts to provide an emulation of the LaTeX 2.09
 author environment so that OLD documents can be successfully
 processed. It should NOT be used for NEW documents!
 
 New documents should use Standard LaTeX conventions and start
 with the \documentclass command.
 
 Compatibility mode is UNLIKELY TO WORK with LaTeX 2.09 style
 files that change any internal macros, especially not with
 those that change the FONT SELECTION or OUTPUT ROUTINES.
 
 Therefore such style files MUST BE UPDATED to use
          Current Standard LaTeX: LaTeX2e.
 If you suspect that you may be using such a style file, which
 is probably very, very old by now, then you should attempt to
 get it updated by sending a copy of this error message to the
 author of that file.
 *************************************************************

\footheight=\dimen102
\@maxsep=\dimen103
\@dblmaxsep=\dimen104
\@cla=\count79
\@clb=\count80
\mscount=\count81
(/usr/local/texlive/2010/texmf-dist/tex/latex/base/tracefnt.sty
Package: tracefnt 1997/05/29 v3.0j Standard LaTeX package (font tracing)
\tracingfonts=\count82
LaTeX Info: Redefining \selectfont on input line 101.
)
\symbold=\mathgroup4
\symsans=\mathgroup5
\symtypewriter=\mathgroup6
\symitalic=\mathgroup7
\symsmallcaps=\mathgroup8
\symslanted=\mathgroup9
LaTeX Font Info:    Redeclaring math alphabet \mathbf on input line 293.
LaTeX Font Info:    Redeclaring math alphabet \mathsf on input line 294.
LaTeX Font Info:    Redeclaring math alphabet \mathtt on input line 295.
LaTeX Font Info:    Redeclaring math alphabet \mathit on input line 301.
LaTeX Info: Redefining \em on input line 311.

(/usr/local/texlive/2010/texmf-dist/tex/latex/base/latexsym.sty
Package: latexsym 1998/08/17 v2.2e Standard LaTeX package (lasy symbols)
\symlasy=\mathgroup10
LaTeX Font Info:    Overwriting symbol font `lasy' in version `bold'
(Font)                  U/lasy/m/n --> U/lasy/b/n on input line 47.
)
LaTeX Font Info:    Redeclaring math delimiter \lgroup on input line 375.
LaTeX Font Info:    Redeclaring math delimiter \rgroup on input line 377.
LaTeX Font Info:    Redeclaring math delimiter \bracevert on input line 379.
)
(/usr/local/texlive/2010/texmf-dist/tex/latex/base/article.cls
Document Class: article 2007/10/19 v1.4h Standard LaTeX document class
(/usr/local/texlive/2010/texmf-dist/tex/latex/base/size10.clo
File: size10.clo 2007/10/19 v1.4h Standard LaTeX file (size option)
)
\c@part=\count83
\c@section=\count84
\c@subsection=\count85
\c@subsubsection=\count86
\c@paragraph=\count87
\c@subparagraph=\count88
\c@figure=\count89
\c@table=\count90
\abovecaptionskip=\skip41
\belowcaptionskip=\skip42
Compatibility mode: definition of \rm ignored.
Compatibility mode: definition of \sf ignored.
Compatibility mode: definition of \tt ignored.
Compatibility mode: definition of \bf ignored.
Compatibility mode: definition of \it ignored.
Compatibility mode: definition of \sl ignored.
Compatibility mode: definition of \sc ignored.
LaTeX Info: Redefining \cal on input line 506.
LaTeX Info: Redefining \mit on input line 507.
\bibindent=\dimen105
)
No file aipproc.aux.
\openout1 = `aipproc.aux'.

LaTeX Font Info:    Checking defaults for OML/cmm/m/it on input line 70.
LaTeX Font Info:    ... okay on input line 70.
LaTeX Font Info:    Checking defaults for T1/cmr/m/n on input line 70.
LaTeX Font Info:    ... okay on input line 70.
LaTeX Font Info:    Checking defaults for OT1/cmr/m/n on input line 70.
LaTeX Font Info:    ... okay on input line 70.
LaTeX Font Info:    Checking defaults for OMS/cmsy/m/n on input line 70.
LaTeX Font Info:    ... okay on input line 70.
LaTeX Font Info:    Checking defaults for OMX/cmex/m/n on input line 70.
LaTeX Font Info:    ... okay on input line 70.
LaTeX Font Info:    Checking defaults for U/cmr/m/n on input line 70.
LaTeX Font Info:    ... okay on input line 70.
[0

{/usr/local/texlive/2010/texmf-var/fonts/map/pdftex/updmap/pdftex.map}]
Underfull \hbox (badness 10000) in paragraph at lines 128--129
  
 []

[0] [1]
No file aipproc.toc.
\tf@toc=\write3
\openout3 = `aipproc.toc'.

[2]
LaTeX Font Info:    External font `cmex10' loaded for size
(Font)              <7> on input line 173.
LaTeX Font Info:    External font `cmex10' loaded for size
(Font)              <5> on input line 173.
LaTeX Font Info:    Try loading font information for U+lasy on input line 173.
 (/usr/local/texlive/2010/texmf-dist/tex/latex/base/ulasy.fd
File: ulasy.fd 1998/08/17 v2.2e LaTeX symbol font definitions
)
LaTeX Font Info:    External font `cmex10' loaded for size
(Font)              <9> on input line 256.
LaTeX Font Info:    External font `cmex10' loaded for size
(Font)              <6> on input line 256.

Underfull \hbox (badness 5667) in paragraph at lines 279--282
[]\OT1/cmr/m/n/10 Four lev-els of head-ings are pro-vided in the
 []


Underfull \hbox (badness 6173) in paragraph at lines 279--282
[]\OT1/cmtt/m/n/10 aipproc \OT1/cmr/m/n/10 style: []\OT1/cmtt/m/n/10 \section{#
1}\OT1/cmr/m/n/10 , []\OT1/cmtt/m/n/10 \subsection{#1}\OT1/cmr/m/n/10 ,
 []


Overfull \hbox (3.52563pt too wide) in paragraph at lines 283--291
[]\OT1/cmtt/m/n/10 \section*{Title \lowercase{\protect\cite{baz}}}\OT1/cmr/m/n/
10 . 
 []

[3

]

LaTeX Warning: Reference `hints' on page 4 undefined on input line 306.

LaTeX Font Info:    External font `cmex10' loaded for size
(Font)              <8> on input line 323.
[4]

LaTeX Warning: Reference `einstein' on page 5 undefined on input line 435.


LaTeX Warning: Reference `noteinstein' on page 5 undefined on input line 449.


Underfull \hbox (badness 1546) in paragraph at lines 452--457
[]\OT1/cmr/bx/n/10 Note: \OT1/cmr/m/n/10 in-cor-rect cross ref-er-enc-ing will 
re-sult if
 []

LaTeX Font Info:    Try loading font information for OMS+cmr on input line 477.

(/usr/local/texlive/2010/texmf-dist/tex/latex/base/omscmr.fd
File: omscmr.fd 1999/05/25 v2.5h Standard LaTeX font definitions
)
LaTeX Font Info:    Font shape `OMS/cmr/m/n' in size <10> not available
(Font)              Font shape `OMS/cmsy/m/n' tried instead on input line 477.


LaTeX Warning: Reference `hints' on page 5 undefined on input line 483.

[5]
Overfull \hbox (5.9978pt too wide) in paragraph at lines 605--605
[]\OT1/cmtt/m/n/10 $\delta_{2000}$ & $l_{\rm II}$ & $b_{\rm II}$ \\[] 
 []


Overfull \hbox (5.9978pt too wide) in paragraph at lines 605--605
[]\OT1/cmtt/m/n/10 $\delta_{2000}$ & $l_{\rm II}$ & $b_{\rm II}$ \\[] 
 []

[6]
Underfull \hbox (badness 1590) in paragraph at lines 703--718
\OT1/cmr/m/n/10 than []\OT1/cmtt/m/n/10 \bibitem{smith94} \OT1/cmr/m/n/10 since
 []\OT1/cmtt/m/n/10 \bibitem{smith} \OT1/cmr/m/n/10 is
 []


Underfull \hbox (badness 10000) in paragraph at lines 732--736
\OT1/cmr/m/n/10 tex-archive/macros/latex209/contrib/epsfig
 []


Underfull \hbox (badness 10000) in paragraph at lines 732--736
\OT1/cmr/m/n/10 tex-archive/macros/latex209/contrib/geom
 []


Underfull \hbox (badness 10000) in paragraph at lines 732--736
\OT1/cmr/m/n/10 tex-archive/macros/latex209/contrib/misc
 []


Underfull \hbox (badness 2096) in paragraph at lines 741--746
\OT1/cmr/bx/n/10 the []\OT1/cmtt/m/n/10 \section{#1} \OT1/cmr/bx/n/10 com-mand?
 \OT1/cmr/m/n/10 All text in the
 []

[7]
Underfull \hbox (badness 2173) in paragraph at lines 776--783
[]\OT1/cmr/bx/n/10 Question: L[]T[]X is not putting my fig-
 []

[8

] (./aipproc.aux)

LaTeX Warning: There were undefined references.


LaTeX Warning: Label(s) may have changed. Rerun to get cross-references right.

 ) 
Here is how much of TeX's memory you used:
 431 strings out of 493763
 5064 string characters out of 3144954
 60091 words of memory out of 3000000
 3760 multiletter control sequences out of 15000+200000
 20333 words of font info for 74 fonts, out of 3000000 for 9000
 715 hyphenation exceptions out of 8191
 21i,10n,19p,226b,257s stack positions out of 5000i,500n,10000p,200000b,50000s
</usr/local/texlive/2010/texmf-dist/fonts/type1/public/amsfonts/cm/cmbx10.pfb
></usr/local/texlive/2010/texmf-dist/fonts/type1/public/amsfonts/cm/cmbx12.pfb>
</usr/local/texlive/2010/texmf-dist/fonts/type1/public/amsfonts/cm/cmbx7.pfb></
usr/local/texlive/2010/texmf-dist/fonts/type1/public/amsfonts/cm/cmbx9.pfb></us
r/local/texlive/2010/texmf-dist/fonts/type1/public/amsfonts/cm/cmmi10.pfb></usr
/local/texlive/2010/texmf-dist/fonts/type1/public/amsfonts/cm/cmmi9.pfb></usr/l
ocal/texlive/2010/texmf-dist/fonts/type1/public/amsfonts/cm/cmr10.pfb></usr/loc
al/texlive/2010/texmf-dist/fonts/type1/public/amsfonts/cm/cmr12.pfb></usr/local
/texlive/2010/texmf-dist/fonts/type1/public/amsfonts/cm/cmr6.pfb></usr/local/te
xlive/2010/texmf-dist/fonts/type1/public/amsfonts/cm/cmr7.pfb></usr/local/texli
ve/2010/texmf-dist/fonts/type1/public/amsfonts/cm/cmr8.pfb></usr/local/texlive/
2010/texmf-dist/fonts/type1/public/amsfonts/cm/cmr9.pfb></usr/local/texlive/201
0/texmf-dist/fonts/type1/public/amsfonts/cm/cmss12.pfb></usr/local/texlive/2010
/texmf-dist/fonts/type1/public/amsfonts/cm/cmsy10.pfb></usr/local/texlive/2010/
texmf-dist/fonts/type1/public/amsfonts/cm/cmsy7.pfb></usr/local/texlive/2010/te
xmf-dist/fonts/type1/public/amsfonts/cm/cmsy9.pfb></usr/local/texlive/2010/texm
f-dist/fonts/type1/public/amsfonts/cm/cmti10.pfb></usr/local/texlive/2010/texmf
-dist/fonts/type1/public/amsfonts/cm/cmti12.pfb></usr/local/texlive/2010/texmf-
dist/fonts/type1/public/amsfonts/cm/cmti7.pfb></usr/local/texlive/2010/texmf-di
st/fonts/type1/public/amsfonts/cm/cmti9.pfb></usr/local/texlive/2010/texmf-dist
/fonts/type1/public/amsfonts/cm/cmtt10.pfb></usr/local/texlive/2010/texmf-dist/
fonts/type1/public/amsfonts/cm/cmtt12.pfb></usr/local/texlive/2010/texmf-dist/f
onts/type1/public/amsfonts/cm/cmtt9.pfb>
Output written on aipproc.pdf (10 pages, 288443 bytes).
PDF statistics:
 129 PDF objects out of 1000 (max. 8388607)
 93 compressed objects within 1 object stream
 0 named destinations out of 1000 (max. 500000)
 1 words of extra memory for PDF output out of 10000 (max. 10000000)

