Info in <TUnixSystem::ACLiC>: creating shared library /mnt/c/Users/papatrott/Documents/research_NP/JLEIC/USERS/trottar/src/./TDISMC_EICn_cpp.so
In file included from input_line_12:6:
In file included from ././TDISMC_EICn.cpp:14:
/mnt/c/Users/papatrott/Documents/research_NP/JLEIC/USERS/trottar/src/TDISMC_EIC.h:824:1: warning: control reaches end of non-void function [-Wreturn-type]
}
^
In file included from /mnt/c/Users/papatrott/Documents/research_NP/JLEIC/USERS/trottar/src/./TDISMC_EICn.cpp:14,
                 from /mnt/c/Users/papatrott/Documents/research_NP/JLEIC/USERS/trottar/src/TDISMC_EICn_cpp_ACLiC_dict.cxx:41:
/mnt/c/Users/papatrott/Documents/research_NP/JLEIC/USERS/trottar/src/./TDISMC_EIC.h: In function ‘double dissigma(double, double, double, int)’:
/mnt/c/Users/papatrott/Documents/research_NP/JLEIC/USERS/trottar/src/./TDISMC_EIC.h:824:1: warning: no return statement in function returning non-void [-Wreturn-type]
  824 | }
      | ^
In file included from /mnt/c/Users/papatrott/Documents/research_NP/JLEIC/USERS/trottar/src/./TDISMC_EICn.cpp:14,
                 from /mnt/c/Users/papatrott/Documents/research_NP/JLEIC/USERS/trottar/src/TDISMC_EICn_cpp_ACLiC_dict.cxx:41:
/mnt/c/Users/papatrott/Documents/research_NP/JLEIC/USERS/trottar/src/./TDISMC_EIC.h: In function ‘cteq_pdf_t* __cteq_pdf_alloc_read_tbl(FILE*)’:
/mnt/c/Users/papatrott/Documents/research_NP/JLEIC/USERS/trottar/src/./TDISMC_EIC.h:427:9: warning: ignoring return value of ‘int fscanf(FILE*, const char*, ...)’, declared with attribute warn_unused_result [-Wunused-result]
  427 |   fscanf(file, "%lf%lf%lf%lf%lf%lf%lf", pdf->lambda + pdf->nf, pdf->mass+1,pdf->mass+2,pdf->mass+3,pdf->mass+4,pdf->mass+5,pdf->mass+6);
      |   ~~~~~~^~~~~~~~~~~~~~~~~~~~~~~~~~~~~~~~~~~~~~~~~~~~~~~~~~~~~~~~~~~~~~~~~~~~~~~~~~~~~~~~~~~~~~~~~~~~~~~~~~~~~~~~~~~~~~~~~~~~~~~~~~~~~~~
In file included from /mnt/c/Users/papatrott/Documents/research_NP/JLEIC/USERS/trottar/src/./TDISMC_EICn.cpp:14,
                 from /mnt/c/Users/papatrott/Documents/research_NP/JLEIC/USERS/trottar/src/TDISMC_EICn_cpp_ACLiC_dict.cxx:41:
/mnt/c/Users/papatrott/Documents/research_NP/JLEIC/USERS/trottar/src/./TDISMC_EIC.h:437:9: warning: ignoring return value of ‘int fscanf(FILE*, const char*, ...)’, declared with attribute warn_unused_result [-Wunused-result]
  437 |   fscanf(file, "%u%u%u", &(pdf->nx), &(pdf->nt), &(pdf->nfmx));
      |   ~~~~~~^~~~~~~~~~~~~~~~~~~~~~~~~~~~~~~~~~~~~~~~~~~~~~~~~~~~~~
/mnt/c/Users/papatrott/Documents/research_NP/JLEIC/USERS/trottar/src/./TDISMC_EIC.h:452:9: warning: ignoring return value of ‘int fscanf(FILE*, const char*, ...)’, declared with attribute warn_unused_result [-Wunused-result]
  452 |   fscanf(file, "%le%le", &(pdf->qini), &(pdf->qmax));
      |   ~~~~~~^~~~~~~~~~~~~~~~~~~~~~~~~~~~~~~~~~~~~~~~~~~~
/mnt/c/Users/papatrott/Documents/research_NP/JLEIC/USERS/trottar/src/./TDISMC_EIC.h:457:11: warning: ignoring return value of ‘int fscanf(FILE*, const char*, ...)’, declared with attribute warn_unused_result [-Wunused-result]
  457 |     fscanf(file, "%le", &q);
      |     ~~~~~~^~~~~~~~~~~~~~~~~
/mnt/c/Users/papatrott/Documents/research_NP/JLEIC/USERS/trottar/src/./TDISMC_EIC.h:466:9: warning: ignoring return value of ‘int fscanf(FILE*, const char*, ...)’, declared with attribute warn_unused_result [-Wunused-result]
  466 |   fscanf(file, "%le", &(pdf->xmin));
      |   ~~~~~~^~~~~~~~~~~~~~~~~~~~~~~~~~~
/mnt/c/Users/papatrott/Documents/research_NP/JLEIC/USERS/trottar/src/./TDISMC_EIC.h:471:11: warning: ignoring return value of ‘int fscanf(FILE*, const char*, ...)’, declared with attribute warn_unused_result [-Wunused-result]
  471 |     fscanf(file, "%le", &x);
      |     ~~~~~~^~~~~~~~~~~~~~~~~
/mnt/c/Users/papatrott/Documents/research_NP/JLEIC/USERS/trottar/src/./TDISMC_EIC.h:482:11: warning: ignoring return value of ‘int fscanf(FILE*, const char*, ...)’, declared with attribute warn_unused_result [-Wunused-result]
  482 |     fscanf(file, "%le", pdf->upd+i);
      |     ~~~~~~^~~~~~~~~~~~~~~~~~~~~~~~~
/mnt/c/Users/papatrott/Documents/research_NP/JLEIC/USERS/trottar/src/./TDISMC_EIC.h: In function ‘cteq_pdf_t* __cteq_pdf_alloc_read_pds(FILE*)’:
/mnt/c/Users/papatrott/Documents/research_NP/JLEIC/USERS/trottar/src/./TDISMC_EIC.h:512:9: warning: ignoring return value of ‘int fscanf(FILE*, const char*, ...)’, declared with attribute warn_unused_result [-Wunused-result]
  512 |   fscanf(file, "%f%f", &__ord, &__nf);
      |   ~~~~~~^~~~~~~~~~~~~~~~~~~~~~~~~~~~~
/mnt/c/Users/papatrott/Documents/research_NP/JLEIC/USERS/trottar/src/./TDISMC_EIC.h:519:9: warning: ignoring return value of ‘int fscanf(FILE*, const char*, ...)’, declared with attribute warn_unused_result [-Wunused-result]
  519 |   fscanf(file, "%lf%lf%lf%lf%lf%lf%lf", pdf->lambda + pdf->nf,
      |   ~~~~~~^~~~~~~~~~~~~~~~~~~~~~~~~~~~~~~~~~~~~~~~~~~~~~~~~~~~~~
  520 |   pdf->mass+1,pdf->mass+2,pdf->mass+3,pdf->mass+4,pdf->mass+5,pdf->mass+6);
      |   ~~~~~~~~~~~~~~~~~~~~~~~~~~~~~~~~~~~~~~~~~~~~~~~~~~~~~~~~~~~~~~~~~~~~~~~~
/mnt/c/Users/papatrott/Documents/research_NP/JLEIC/USERS/trottar/src/./TDISMC_EIC.h:530:9: warning: ignoring return value of ‘int fscanf(FILE*, const char*, ...)’, declared with attribute warn_unused_result [-Wunused-result]
  530 |   fscanf(file, "%d%d%d%u%u", &del, &del, &del, &(pdf->nfmx), &(pdf->mxval));
      |   ~~~~~~^~~~~~~~~~~~~~~~~~~~~~~~~~~~~~~~~~~~~~~~~~~~~~~~~~~~~~~~~~~~~~~~~~~
/mnt/c/Users/papatrott/Documents/research_NP/JLEIC/USERS/trottar/src/./TDISMC_EIC.h:539:9: warning: ignoring return value of ‘int fscanf(FILE*, const char*, ...)’, declared with attribute warn_unused_result [-Wunused-result]
  539 |   fscanf(file, "%u%u%d%u", &(pdf->nx), &(pdf->nt), &del, &ng);
      |   ~~~~~~^~~~~~~~~~~~~~~~~~~~~~~~~~~~~~~~~~~~~~~~~~~~~~~~~~~~~
/mnt/c/Users/papatrott/Documents/research_NP/JLEIC/USERS/trottar/src/./TDISMC_EIC.h:558:9: warning: ignoring return value of ‘int fscanf(FILE*, const char*, ...)’, declared with attribute warn_unused_result [-Wunused-result]
  558 |   fscanf(file, "%le%le", &(pdf->qini), &(pdf->qmax));
      |   ~~~~~~^~~~~~~~~~~~~~~~~~~~~~~~~~~~~~~~~~~~~~~~~~~~
/mnt/c/Users/papatrott/Documents/research_NP/JLEIC/USERS/trottar/src/./TDISMC_EIC.h:563:11: warning: ignoring return value of ‘int fscanf(FILE*, const char*, ...)’, declared with attribute warn_unused_result [-Wunused-result]
  563 |     fscanf(file, "%le%le", &tmp, &(pdf->tv[i]));
      |     ~~~~~~^~~~~~~~~~~~~~~~~~~~~~~~~~~~~~~~~~~~~
/mnt/c/Users/papatrott/Documents/research_NP/JLEIC/USERS/trottar/src/./TDISMC_EIC.h:570:9: warning: ignoring return value of ‘int fscanf(FILE*, const char*, ...)’, declared with attribute warn_unused_result [-Wunused-result]
  570 |   fscanf(file, "%le%le", &(pdf->xmin), &tmp);
      |   ~~~~~~^~~~~~~~~~~~~~~~~~~~~~~~~~~~~~~~~~~~
/mnt/c/Users/papatrott/Documents/research_NP/JLEIC/USERS/trottar/src/./TDISMC_EIC.h:576:11: warning: ignoring return value of ‘int fscanf(FILE*, const char*, ...)’, declared with attribute warn_unused_result [-Wunused-result]
  576 |     fscanf(file, "%le", &(pdf->xv[i]));
      |     ~~~~~~^~~~~~~~~~~~~~~~~~~~~~~~~~~~
/mnt/c/Users/papatrott/Documents/research_NP/JLEIC/USERS/trottar/src/./TDISMC_EIC.h:586:11: warning: ignoring return value of ‘int fscanf(FILE*, const char*, ...)’, declared with attribute warn_unused_result [-Wunused-result]
  586 |     fscanf(file, "%le", pdf->upd+i);
      |     ~~~~~~^~~~~~~~~~~~~~~~~~~~~~~~~
In file included from /mnt/c/Users/papatrott/Documents/research_NP/JLEIC/USERS/trottar/src/./TDISMC_EICn.cpp:14,
                 from /mnt/c/Users/papatrott/Documents/research_NP/JLEIC/USERS/trottar/src/TDISMC_EICn_cpp_ACLiC_dict.cxx:41:
/mnt/c/Users/papatrott/Documents/research_NP/JLEIC/USERS/trottar/src/./TDISMC_EIC.h: In function ‘double dissigma(double, double, double, int)’:
/mnt/c/Users/papatrott/Documents/research_NP/JLEIC/USERS/trottar/src/./TDISMC_EIC.h:824:1: warning: no return statement in function returning non-void [-Wreturn-type]
  824 | }
      | ^
In file included from /mnt/c/Users/papatrott/Documents/research_NP/JLEIC/USERS/trottar/src/./TDISMC_EICn.cpp:14,
                 from /mnt/c/Users/papatrott/Documents/research_NP/JLEIC/USERS/trottar/src/TDISMC_EICn_cpp_ACLiC_dict.cxx:41:
/mnt/c/Users/papatrott/Documents/research_NP/JLEIC/USERS/trottar/src/./TDISMC_EIC.h: In function ‘cteq_pdf_t* __cteq_pdf_alloc_read_tbl(FILE*)’:
/mnt/c/Users/papatrott/Documents/research_NP/JLEIC/USERS/trottar/src/./TDISMC_EIC.h:427:9: warning: ignoring return value of ‘int fscanf(FILE*, const char*, ...)’, declared with attribute warn_unused_result [-Wunused-result]
  427 |   fscanf(file, "%lf%lf%lf%lf%lf%lf%lf", pdf->lambda + pdf->nf, pdf->mass+1,pdf->mass+2,pdf->mass+3,pdf->mass+4,pdf->mass+5,pdf->mass+6);
      |   ~~~~~~^~~~~~~~~~~~~~~~~~~~~~~~~~~~~~~~~~~~~~~~~~~~~~~~~~~~~~~~~~~~~~~~~~~~~~~~~~~~~~~~~~~~~~~~~~~~~~~~~~~~~~~~~~~~~~~~~~~~~~~~~~~~~~~
In file included from /mnt/c/Users/papatrott/Documents/research_NP/JLEIC/USERS/trottar/src/./TDISMC_EICn.cpp:14,
                 from /mnt/c/Users/papatrott/Documents/research_NP/JLEIC/USERS/trottar/src/TDISMC_EICn_cpp_ACLiC_dict.cxx:41:
/mnt/c/Users/papatrott/Documents/research_NP/JLEIC/USERS/trottar/src/./TDISMC_EIC.h:437:9: warning: ignoring return value of ‘int fscanf(FILE*, const char*, ...)’, declared with attribute warn_unused_result [-Wunused-result]
  437 |   fscanf(file, "%u%u%u", &(pdf->nx), &(pdf->nt), &(pdf->nfmx));
      |   ~~~~~~^~~~~~~~~~~~~~~~~~~~~~~~~~~~~~~~~~~~~~~~~~~~~~~~~~~~~~
/mnt/c/Users/papatrott/Documents/research_NP/JLEIC/USERS/trottar/src/./TDISMC_EIC.h:452:9: warning: ignoring return value of ‘int fscanf(FILE*, const char*, ...)’, declared with attribute warn_unused_result [-Wunused-result]
  452 |   fscanf(file, "%le%le", &(pdf->qini), &(pdf->qmax));
      |   ~~~~~~^~~~~~~~~~~~~~~~~~~~~~~~~~~~~~~~~~~~~~~~~~~~
/mnt/c/Users/papatrott/Documents/research_NP/JLEIC/USERS/trottar/src/./TDISMC_EIC.h:457:11: warning: ignoring return value of ‘int fscanf(FILE*, const char*, ...)’, declared with attribute warn_unused_result [-Wunused-result]
  457 |     fscanf(file, "%le", &q);
      |     ~~~~~~^~~~~~~~~~~~~~~~~
/mnt/c/Users/papatrott/Documents/research_NP/JLEIC/USERS/trottar/src/./TDISMC_EIC.h:466:9: warning: ignoring return value of ‘int fscanf(FILE*, const char*, ...)’, declared with attribute warn_unused_result [-Wunused-result]
  466 |   fscanf(file, "%le", &(pdf->xmin));
      |   ~~~~~~^~~~~~~~~~~~~~~~~~~~~~~~~~~
/mnt/c/Users/papatrott/Documents/research_NP/JLEIC/USERS/trottar/src/./TDISMC_EIC.h:471:11: warning: ignoring return value of ‘int fscanf(FILE*, const char*, ...)’, declared with attribute warn_unused_result [-Wunused-result]
  471 |     fscanf(file, "%le", &x);
      |     ~~~~~~^~~~~~~~~~~~~~~~~
/mnt/c/Users/papatrott/Documents/research_NP/JLEIC/USERS/trottar/src/./TDISMC_EIC.h:482:11: warning: ignoring return value of ‘int fscanf(FILE*, const char*, ...)’, declared with attribute warn_unused_result [-Wunused-result]
  482 |     fscanf(file, "%le", pdf->upd+i);
      |     ~~~~~~^~~~~~~~~~~~~~~~~~~~~~~~~
/mnt/c/Users/papatrott/Documents/research_NP/JLEIC/USERS/trottar/src/./TDISMC_EIC.h: In function ‘cteq_pdf_t* __cteq_pdf_alloc_read_pds(FILE*)’:
/mnt/c/Users/papatrott/Documents/research_NP/JLEIC/USERS/trottar/src/./TDISMC_EIC.h:512:9: warning: ignoring return value of ‘int fscanf(FILE*, const char*, ...)’, declared with attribute warn_unused_result [-Wunused-result]
  512 |   fscanf(file, "%f%f", &__ord, &__nf);
      |   ~~~~~~^~~~~~~~~~~~~~~~~~~~~~~~~~~~~
/mnt/c/Users/papatrott/Documents/research_NP/JLEIC/USERS/trottar/src/./TDISMC_EIC.h:519:9: warning: ignoring return value of ‘int fscanf(FILE*, const char*, ...)’, declared with attribute warn_unused_result [-Wunused-result]
  519 |   fscanf(file, "%lf%lf%lf%lf%lf%lf%lf", pdf->lambda + pdf->nf,
      |   ~~~~~~^~~~~~~~~~~~~~~~~~~~~~~~~~~~~~~~~~~~~~~~~~~~~~~~~~~~~~
  520 |   pdf->mass+1,pdf->mass+2,pdf->mass+3,pdf->mass+4,pdf->mass+5,pdf->mass+6);
      |   ~~~~~~~~~~~~~~~~~~~~~~~~~~~~~~~~~~~~~~~~~~~~~~~~~~~~~~~~~~~~~~~~~~~~~~~~
/mnt/c/Users/papatrott/Documents/research_NP/JLEIC/USERS/trottar/src/./TDISMC_EIC.h:530:9: warning: ignoring return value of ‘int fscanf(FILE*, const char*, ...)’, declared with attribute warn_unused_result [-Wunused-result]
  530 |   fscanf(file, "%d%d%d%u%u", &del, &del, &del, &(pdf->nfmx), &(pdf->mxval));
      |   ~~~~~~^~~~~~~~~~~~~~~~~~~~~~~~~~~~~~~~~~~~~~~~~~~~~~~~~~~~~~~~~~~~~~~~~~~
/mnt/c/Users/papatrott/Documents/research_NP/JLEIC/USERS/trottar/src/./TDISMC_EIC.h:539:9: warning: ignoring return value of ‘int fscanf(FILE*, const char*, ...)’, declared with attribute warn_unused_result [-Wunused-result]
  539 |   fscanf(file, "%u%u%d%u", &(pdf->nx), &(pdf->nt), &del, &ng);
      |   ~~~~~~^~~~~~~~~~~~~~~~~~~~~~~~~~~~~~~~~~~~~~~~~~~~~~~~~~~~~
/mnt/c/Users/papatrott/Documents/research_NP/JLEIC/USERS/trottar/src/./TDISMC_EIC.h:558:9: warning: ignoring return value of ‘int fscanf(FILE*, const char*, ...)’, declared with attribute warn_unused_result [-Wunused-result]
  558 |   fscanf(file, "%le%le", &(pdf->qini), &(pdf->qmax));
      |   ~~~~~~^~~~~~~~~~~~~~~~~~~~~~~~~~~~~~~~~~~~~~~~~~~~
/mnt/c/Users/papatrott/Documents/research_NP/JLEIC/USERS/trottar/src/./TDISMC_EIC.h:563:11: warning: ignoring return value of ‘int fscanf(FILE*, const char*, ...)’, declared with attribute warn_unused_result [-Wunused-result]
  563 |     fscanf(file, "%le%le", &tmp, &(pdf->tv[i]));
      |     ~~~~~~^~~~~~~~~~~~~~~~~~~~~~~~~~~~~~~~~~~~~
/mnt/c/Users/papatrott/Documents/research_NP/JLEIC/USERS/trottar/src/./TDISMC_EIC.h:570:9: warning: ignoring return value of ‘int fscanf(FILE*, const char*, ...)’, declared with attribute warn_unused_result [-Wunused-result]
  570 |   fscanf(file, "%le%le", &(pdf->xmin), &tmp);
      |   ~~~~~~^~~~~~~~~~~~~~~~~~~~~~~~~~~~~~~~~~~~
/mnt/c/Users/papatrott/Documents/research_NP/JLEIC/USERS/trottar/src/./TDISMC_EIC.h:576:11: warning: ignoring return value of ‘int fscanf(FILE*, const char*, ...)’, declared with attribute warn_unused_result [-Wunused-result]
  576 |     fscanf(file, "%le", &(pdf->xv[i]));
      |     ~~~~~~^~~~~~~~~~~~~~~~~~~~~~~~~~~~
/mnt/c/Users/papatrott/Documents/research_NP/JLEIC/USERS/trottar/src/./TDISMC_EIC.h:586:11: warning: ignoring return value of ‘int fscanf(FILE*, const char*, ...)’, declared with attribute warn_unused_result [-Wunused-result]
  586 |     fscanf(file, "%le", pdf->upd+i);
      |     ~~~~~~^~~~~~~~~~~~~~~~~~~~~~~~~
Warning in <TTree::Bronch>: TLorentzVector cannot be split, resetting splitlevel to 0
Warning in <TTree::Bronch>: TLorentzVector cannot be split, resetting splitlevel to 0
Warning in <TTree::Bronch>: TLorentzVector cannot be split, resetting splitlevel to 0
Warning in <TTree::Bronch>: TLorentzVector cannot be split, resetting splitlevel to 0
Warning in <TTree::Bronch>: TLorentzVector cannot be split, resetting splitlevel to 0
Warning in <TTree::Bronch>: TLorentzVector cannot be split, resetting splitlevel to 0
Warning in <TTree::Bronch>: TLorentzVector cannot be split, resetting splitlevel to 0
Warning in <TTree::Bronch>: TLorentzVector cannot be split, resetting splitlevel to 0
